#
# There is insufficient memory for the Java Runtime Environment to continue.
# Native memory allocation (mmap) failed to map 132120576 bytes for Failed to commit area from 0x00000000c0000000 to 0x00000000c7e00000 of length 132120576.
# Possible reasons:
#   The system is out of physical RAM or swap space
#   The process is running with CompressedOops enabled, and the Java Heap may be blocking the growth of the native heap
# Possible solutions:
#   Reduce memory load on the system
#   Increase physical memory or swap space
#   Check if swap backing store is full
#   Decrease Java heap size (-Xmx/-Xms)
#   Decrease number of Java threads
#   Decrease Java thread stack sizes (-Xss)
#   Set larger code cache with -XX:ReservedCodeCacheSize=
# This output file may be truncated or incomplete.
#
#  Out of Memory Error (./src/hotspot/os/windows/os_windows.cpp:3386), pid=3820, tid=32488
#
# JRE version:  (11.0.16.1+1) (build )
# Java VM: OpenJDK 64-Bit Server VM (11.0.16.1+1, mixed mode, sharing, tiered, compressed oops, g1 gc, windows-amd64)
# No core dump will be written. Minidumps are not enabled by default on client versions of Windows
#

---------------  S U M M A R Y ------------

Command Line: -agentlib:jdwp=transport=dt_socket,address=127.0.0.1:58808,suspend=y,server=n -Xmx1024m -javaagent:C:\Users\ELMAZ\AppData\Local\JetBrains\IntelliJIdea2023.3\captureAgent\debugger-agent.jar -Dfile.encoding=UTF-8 Enthuware.Standart.test1.Test

Host: Intel(R) Core(TM) i7-8550U CPU @ 1.80GHz, 8 cores, 7G,  Windows 11 , 64 bit Build 22621 (10.0.22621.4830)
Time: Sun Mar  2 23:54:39 2025  Windows 11 , 64 bit Build 22621 (10.0.22621.4830) elapsed time: 0.040161 seconds (0d 0h 0m 0s)

---------------  T H R E A D  ---------------

Current thread (0x0000023ff4117800):  JavaThread "Unknown thread" [_thread_in_vm, id=32488, stack(0x000000e1dd500000,0x000000e1dd600000)]

Stack: [0x000000e1dd500000,0x000000e1dd600000]
Native frames: (J=compiled Java code, j=interpreted, Vv=VM code, C=native code)
V  [jvm.dll+0x61f18a]
V  [jvm.dll+0x7abb09]
V  [jvm.dll+0x7ad1f8]
V  [jvm.dll+0x7ad8d3]
V  [jvm.dll+0x24fc38]
V  [jvm.dll+0x61c49a]
V  [jvm.dll+0x610c45]
V  [jvm.dll+0x307b5c]
V  [jvm.dll+0x3079e2]
V  [jvm.dll+0x30c6f6]
V  [jvm.dll+0x352b4f]
V  [jvm.dll+0x352580]
V  [jvm.dll+0x2e4b58]
V  [jvm.dll+0x2e5cb6]
V  [jvm.dll+0x785957]
V  [jvm.dll+0x7870df]
V  [jvm.dll+0x35f899]
V  [jvm.dll+0x7688c0]
V  [jvm.dll+0x3cd3bf]
V  [jvm.dll+0x3cf751]
C  [jli.dll+0x5207]
C  [ucrtbase.dll+0x29333]
C  [KERNEL32.DLL+0x1259d]
C  [ntdll.dll+0x5af38]


---------------  P R O C E S S  ---------------

Threads class SMR info:
_java_thread_list=0x0000023ff1ef3730, length=0, elements={
}

Java Threads: ( => current thread )

Other Threads:
  0x0000023ff4134000 GCTaskThread "GC Thread#0" [stack: 0x000000e1dd600000,0x000000e1dd700000] [id=42584]
  0x0000023ff414b000 ConcurrentGCThread "G1 Main Marker" [stack: 0x000000e1dd700000,0x000000e1dd800000] [id=2060]
  0x0000023ff414c000 ConcurrentGCThread "G1 Conc#0" [stack: 0x000000e1dd800000,0x000000e1dd900000] [id=30492]

[error occurred during error reporting (printing all threads), id 0xc0000005, EXCEPTION_ACCESS_VIOLATION (0xc0000005) at pc=0x00007ffdd6f34327]

VM state:not at safepoint (not fully initialized)

VM Mutex/Monitor currently owned by a thread:  ([mutex/lock_event])
[0x0000023ff4114600] Heap_lock - owner thread: 0x0000023ff4117800

Heap address: 0x00000000c0000000, size: 1024 MB, Compressed Oops mode: Non-zero based: 0x00000000c0000000
Narrow klass base: 0x0000000000000000, Narrow klass shift: 0

GC Heap History (0 events):
No events

Deoptimization events (0 events):
No events

Classes redefined (0 events):
No events

Internal exceptions (0 events):
No events

Events (1 events):
Event: 0.030 Loaded shared library C:\Program Files\Eclipse Adoptium\jdk-11.0.16.101-hotspot\bin\zip.dll


Dynamic libraries:
0x00007ff6bf910000 - 0x00007ff6bf91d000 	C:\Program Files\Eclipse Adoptium\jdk-11.0.16.101-hotspot\bin\java.exe
0x00007ffe4a930000 - 0x00007ffe4ab47000 	C:\WINDOWS\SYSTEM32\ntdll.dll
0x00007ffe48d30000 - 0x00007ffe48df4000 	C:\WINDOWS\System32\KERNEL32.DLL
0x00007ffe47d60000 - 0x00007ffe48130000 	C:\WINDOWS\System32\KERNELBASE.dll
0x00007ffe47be0000 - 0x00007ffe47cf1000 	C:\WINDOWS\System32\ucrtbase.dll
0x00007ffe40120000 - 0x00007ffe40135000 	C:\Program Files\Eclipse Adoptium\jdk-11.0.16.101-hotspot\bin\VCRUNTIME140.dll
0x00007ffe40160000 - 0x00007ffe40177000 	C:\Program Files\Eclipse Adoptium\jdk-11.0.16.101-hotspot\bin\jli.dll
0x00007ffe49b90000 - 0x00007ffe49d3e000 	C:\WINDOWS\System32\USER32.dll
0x00007ffe30760000 - 0x00007ffe309f2000 	C:\WINDOWS\WinSxS\amd64_microsoft.windows.common-controls_6595b64144ccf1df_6.0.22621.4830_none_270fe7d773858e80\COMCTL32.dll
0x00007ffe47d00000 - 0x00007ffe47d26000 	C:\WINDOWS\System32\win32u.dll
0x00007ffe49e70000 - 0x00007ffe49e99000 	C:\WINDOWS\System32\GDI32.dll
0x00007ffe48e00000 - 0x00007ffe48ea7000 	C:\WINDOWS\System32\msvcrt.dll
0x00007ffe48360000 - 0x00007ffe4847b000 	C:\WINDOWS\System32\gdi32full.dll
0x00007ffe48500000 - 0x00007ffe4859a000 	C:\WINDOWS\System32\msvcp_win.dll
0x00007ffe49100000 - 0x00007ffe49131000 	C:\WINDOWS\System32\IMM32.DLL
0x00007ffe31cb0000 - 0x00007ffe31d4b000 	C:\Program Files\Eclipse Adoptium\jdk-11.0.16.101-hotspot\bin\msvcp140.dll
0x00007ffdd6c40000 - 0x00007ffdd77c2000 	C:\Program Files\Eclipse Adoptium\jdk-11.0.16.101-hotspot\bin\server\jvm.dll
0x00007ffe4a450000 - 0x00007ffe4a501000 	C:\WINDOWS\System32\ADVAPI32.dll
0x00007ffe4a270000 - 0x00007ffe4a317000 	C:\WINDOWS\System32\sechost.dll
0x00007ffe47d30000 - 0x00007ffe47d58000 	C:\WINDOWS\System32\bcrypt.dll
0x00007ffe48c10000 - 0x00007ffe48d24000 	C:\WINDOWS\System32\RPCRT4.dll
0x00007ffe48c00000 - 0x00007ffe48c08000 	C:\WINDOWS\System32\PSAPI.DLL
0x00007ffe31380000 - 0x00007ffe31389000 	C:\WINDOWS\SYSTEM32\WSOCK32.dll
0x00007ffe4a620000 - 0x00007ffe4a691000 	C:\WINDOWS\System32\WS2_32.dll
0x00007ffe40540000 - 0x00007ffe4054a000 	C:\WINDOWS\SYSTEM32\VERSION.dll
0x00007ffe3f6f0000 - 0x00007ffe3f724000 	C:\WINDOWS\SYSTEM32\WINMM.dll
0x00007ffe46cd0000 - 0x00007ffe46ce8000 	C:\WINDOWS\SYSTEM32\kernel.appcore.dll
0x00007ffe402b0000 - 0x00007ffe402c0000 	C:\Program Files\Eclipse Adoptium\jdk-11.0.16.101-hotspot\bin\verify.dll
0x00007ffe45320000 - 0x00007ffe45552000 	C:\WINDOWS\SYSTEM32\DBGHELP.DLL
0x00007ffe49ee0000 - 0x00007ffe4a270000 	C:\WINDOWS\System32\combase.dll
0x00007ffe48fc0000 - 0x00007ffe49097000 	C:\WINDOWS\System32\OLEAUT32.dll
0x00007ffe2e320000 - 0x00007ffe2e352000 	C:\WINDOWS\SYSTEM32\dbgcore.DLL
0x00007ffe485a0000 - 0x00007ffe4861b000 	C:\WINDOWS\System32\bcryptPrimitives.dll
0x00007ffe3ff80000 - 0x00007ffe3ffa8000 	C:\Program Files\Eclipse Adoptium\jdk-11.0.16.101-hotspot\bin\java.dll
0x00007ffe40110000 - 0x00007ffe4011a000 	C:\Program Files\Eclipse Adoptium\jdk-11.0.16.101-hotspot\bin\jimage.dll
0x00007ffe3fe80000 - 0x00007ffe3feb8000 	C:\Program Files\Eclipse Adoptium\jdk-11.0.16.101-hotspot\bin\jdwp.dll
0x00007ffe3ff00000 - 0x00007ffe3ff0e000 	C:\Program Files\Eclipse Adoptium\jdk-11.0.16.101-hotspot\bin\instrument.dll
0x00007ffe40000000 - 0x00007ffe40018000 	C:\Program Files\Eclipse Adoptium\jdk-11.0.16.101-hotspot\bin\zip.dll

dbghelp: loaded successfully - version: 4.0.5 - missing functions: none
symbol engine: initialized successfully - sym options: 0x614 - pdb path: .;C:\Program Files\Eclipse Adoptium\jdk-11.0.16.101-hotspot\bin;C:\WINDOWS\SYSTEM32;C:\WINDOWS\WinSxS\amd64_microsoft.windows.common-controls_6595b64144ccf1df_6.0.22621.4830_none_270fe7d773858e80;C:\Program Files\Eclipse Adoptium\jdk-11.0.16.101-hotspot\bin\server

VM Arguments:
jvm_args: -agentlib:jdwp=transport=dt_socket,address=127.0.0.1:58808,suspend=y,server=n -Xmx1024m -javaagent:C:\Users\ELMAZ\AppData\Local\JetBrains\IntelliJIdea2023.3\captureAgent\debugger-agent.jar -Dfile.encoding=UTF-8 
java_command: Enthuware.Standart.test1.Test
java_class_path (initial): C:\Users\ELMAZ\OCA-1Z04-808\target\classes;C:\Program Files\JetBrains\IntelliJ IDEA 2023.3.5\lib\idea_rt.jar
Launcher Type: SUN_STANDARD

[Global flags]
     intx CICompilerCount                          = 4                                         {product} {ergonomic}
     uint ConcGCThreads                            = 2                                         {product} {ergonomic}
     uint G1ConcRefinementThreads                  = 8                                         {product} {ergonomic}
   size_t G1HeapRegionSize                         = 1048576                                   {product} {ergonomic}
    uintx GCDrainStackTargetSize                   = 64                                        {product} {ergonomic}
   size_t InitialHeapSize                          = 132120576                                 {product} {ergonomic}
   size_t MarkStackSize                            = 4194304                                   {product} {ergonomic}
   size_t MaxHeapSize                              = 1073741824                                {product} {command line}
   size_t MinHeapDeltaBytes                        = 1048576                                   {product} {ergonomic}
    uintx NonNMethodCodeHeapSize                   = 5836300                                {pd product} {ergonomic}
    uintx NonProfiledCodeHeapSize                  = 122910970                              {pd product} {ergonomic}
    uintx ProfiledCodeHeapSize                     = 122910970                              {pd product} {ergonomic}
    uintx ReservedCodeCacheSize                    = 251658240                              {pd product} {ergonomic}
     bool SegmentedCodeCache                       = true                                      {product} {ergonomic}
     bool UseCompressedClassPointers               = true                                 {lp64_product} {ergonomic}
     bool UseCompressedOops                        = true                                 {lp64_product} {ergonomic}
     bool UseG1GC                                  = true                                      {product} {ergonomic}
     bool UseLargePagesIndividualAllocation        = false                                  {pd product} {ergonomic}

Logging:
Log output configuration:
 #0: stdout all=warning uptime,level,tags
 #1: stderr all=off uptime,level,tags

Environment Variables:
JAVA_HOME=C:\Program Files\Java\jdk-21
PATH=C:\Program Files\ImageMagick-7.1.1-Q16-HDRI;C:\Program Files\Common Files\Oracle\Java\javapath;C:\Program Files\Eclipse Adoptium\jdk-11.0.16.101-hotspot\bin;C:\WINDOWS\system32;C:\WINDOWS;C:\WINDOWS\System32\Wbem;C:\WINDOWS\System32\WindowsPowerShell\v1.0\;C:\WINDOWS\System32\OpenSSH\;C:\Program Files\Git\cmd;C:\Users\ELMAZ\AppData\Roaming\nvm;C:\Program Files\nodejs;C:\Program Files\MySQL\MySQL Shell 8.0\bin\;C:\Users\ELMAZ\AppData\Local\Microsoft\WindowsApps;C:\Users\ELMAZ\AppData\Local\Programs\Microsoft VS Code\bin;C:\Users\ELMAZ\AppData\Local\GitHubDesktop\bin;C:\Program Files\JetBrains\IntelliJ IDEA 2023.3.5\bin;C:\Program Files\MySQL\MySQL Server 8.0\bin;C:\Users\ELMAZ\AppData\Roaming\npm;C:\Program Files\Apache\maven\bin\apache-maven-3.9.8\bin;C:\Program Files\Java\jdk-21\bin;C:\Program Files\Heroku\bin;C:\Program Files\Docker\Docker\resources\bin;C:\Program Files\TextTest\;C:\ProgramData\chocolatey\bin;C:\Users\ELMAZ\Downloads\gnucobol-3.2_win\bin;C:\cygwin64\usr\local\bin;C:\cygwin64\usr\local\bin;C:\Ruby33-x64\bin;C:\Program Files\MySQL\MySQL Shell 8.0\bin\;C:\Users\ELMAZ\AppData\Local\Microsoft\WindowsApps;C:\Users\ELMAZ\AppData\Local\Programs\Microsoft VS Code\bin;C:\Users\ELMAZ\AppData\Local\GitHubDesktop\bin;C:\Program Files\JetBrains\IntelliJ IDEA 2023.3.5\bin;;C:\Program Files\MySQL\MySQL Server 8.0\bin;C:\Users\ELMAZ\AppData\Roaming\npm;C:\Users\ELMAZ\AppData\Roaming\nvm;C:\Program Files\nodejs;C:\Program Files\heroku\bin;C:\ProgramData\chocolatey\bin;C:\Users\ELMAZ\Downloads\gnucobol-3.2_win\bin;C:\cygwin64\usr\local\bin;C:\Users\ELMAZ\Downloads\gnucobol-3.2_win\cobc;C:\cygwin64\usr\local\bin\cobc.exe;C:\cygwin64\bin;
USERNAME=ELMAZ
OS=Windows_NT
PROCESSOR_IDENTIFIER=Intel64 Family 6 Model 142 Stepping 10, GenuineIntel
TMP=C:\Users\ELMAZ\AppData\Local\Temp
TEMP=C:\Users\ELMAZ\AppData\Local\Temp



---------------  S Y S T E M  ---------------

OS: Windows 11 , 64 bit Build 22621 (10.0.22621.4830)
OS uptime: 8 days 20:23 hours
Hyper-V role detected

CPU:total 8 (initial active 8) (4 cores per cpu, 2 threads per core) family 6 model 142 stepping 10 microcode 0xf6, cmov, cx8, fxsr, mmx, sse, sse2, sse3, ssse3, sse4.1, sse4.2, popcnt, avx, avx2, aes, clmul, erms, 3dnowpref, lzcnt, ht, tsc, tscinvbit, bmi1, bmi2, adx, fma

Memory: 4k page, system-wide physical 8035M (328M free)
TotalPageFile size 32611M (AvailPageFile size 56M)
current process WorkingSet (physical memory assigned to process): 11M, peak: 11M
current process commit charge ("private bytes"): 60M, peak: 185M

vm_info: OpenJDK 64-Bit Server VM (11.0.16.1+1) for windows-amd64 JRE (11.0.16.1+1), built on Aug 16 2022 02:58:04 by "" with MS VC++ 15.9 (VS2017)

END.
